[2026-02-23T10:58:09.524Z] game_spin: {"email":"demo@letemple.fr","reward":{"label":"Masque visage offert","points":30}}
[2026-02-23T12:29:29.031Z] stock_update: {"id":"huile_neutre","qty":16}
[2026-03-11T09:25:30.298Z] register: {"email":"test.verif.1773221130@example.com","nom":"Test Verif"}
[2026-03-11T09:25:30.451Z] login: {"email":"test.verif.1773221130@example.com","tokenPreview":"0a513c40"}
[2026-03-11T09:25:59.340Z] register: {"email":"inspect.verif.1773221159@example.com","nom":"Inspect Verif"}
[2026-03-11T09:27:20.394Z] register: {"email":"test.verif.1773221240@example.com","nom":"Test Verif"}
[2026-03-11T09:27:20.400Z] mail_skipped: {"to":"test.verif.1773221240@example.com","subject":"Verification de votre compte Le Temple","text":"Bonjour Test Verif,\n\nMerci d'avoir cree votre compte Le Temple.\nPour activer votre espace client, merci de verifier votre adresse email en ouvrant ce lien :\nhttp://127.0.0.1:3000/verification.html?token=8ee57447b60e868ee5a0faab5be43b009e539cda0912279cd54b220a2e58ba06\n\nCe lien expire sous 48 heures.\n\nA bientot,\nLe Temple"}
[2026-03-11T09:27:20.644Z] email_verified: {"email":"test.verif.1773221240@example.com"}
[2026-03-11T09:27:20.724Z] login: {"email":"test.verif.1773221240@example.com","tokenPreview":"7474ef58"}
[2026-03-11T09:27:20.733Z] reservation: {"id":"34af81ca-5b31-4cc6-87bb-684f6e1f6d70","telephone":"0102030405","heure":"10:00","nom":"Client Test","cabine":"Japon","soin":"Californien","format":"Solo","date":"2026-03-20","message":"Test auto","email":"test.verif.1773221240@example.com","createdAt":"2026-03-11T09:27:20.732Z"}
[2026-03-11T09:27:20.734Z] mail_skipped: {"to":"test.verif.1773221240@example.com","subject":"Confirmation de votre reservation Le Temple","text":"Bonjour Client Test,\n\nVotre demande de reservation a bien ete enregistree.\nSoin : Californien\nCabine : Japon\nDate : 2026-03-20\nHeure : 10:00\nFormat : Solo\n\nNous reviendrons vers vous si un ajustement est necessaire.\nRetrouvez le site ici : http://127.0.0.1:3000/reservation.html\n\nLe Temple"}
[2026-03-11T09:45:58.043Z] register: {"email":"lylianmichel@gmail.com","nom":"Michel"}
[2026-03-11T09:45:58.045Z] mail_skipped: {"to":"lylianmichel@gmail.com","subject":"Verification de votre compte Le Temple","text":"Bonjour Michel,\n\nMerci d'avoir cree votre compte Le Temple.\nPour activer votre espace client, merci de verifier votre adresse email en ouvrant ce lien :\nhttp://localhost:3000/verification.html?token=12d4c961064356febc1503e3e8005a03e4ca3d348ad775f17595c4a839560e58\n\nCe lien expire sous 48 heures.\n\nA bientot,\nLe Temple"}
[2026-03-11T09:46:26.526Z] mail_skipped: {"to":"lylianmichel@gmail.com","subject":"Verification de votre compte Le Temple","text":"Bonjour Michel,\n\nMerci d'avoir cree votre compte Le Temple.\nPour activer votre espace client, merci de verifier votre adresse email en ouvrant ce lien :\nhttp://localhost:3000/verification.html?token=5d4d456a0ad021b149081bdfc3d2c7d2ecc46b7b7681707de44cc646b1823b4e\n\nCe lien expire sous 48 heures.\n\nA bientot,\nLe Temple"}
[2026-03-11T10:16:30.275Z] mail_skipped: {"to":"lylianmichel@gmail.com","subject":"Verification de votre compte Le Temple","text":"Bonjour Michel,\n\nMerci d'avoir cree votre compte Le Temple.\nPour activer votre espace client, merci de verifier votre adresse email en ouvrant ce lien :\nhttp://localhost:3000/verification.html?token=198b1cceeee12e100265120a9bbf114245697ff0fad387853db36d697f753ea0\n\nCe lien expire sous 48 heures.\n\nA bientot,\nLe Temple"}
[2026-03-11T10:17:58.831Z] mail_skipped: {"to":"lylianmichel@gmail.com","subject":"Verification de votre compte Le Temple","text":"Bonjour Michel,\n\nMerci d'avoir cree votre compte Le Temple.\nPour activer votre espace client, merci de verifier votre adresse email en ouvrant ce lien :\nhttp://localhost:3000/verification.html?token=5c28f11a02d9d2e044b03308067b3e8373ef9b5ea2d16d1e713a54dc195dc547\n\nCe lien expire sous 48 heures.\n\nA bientot,\nLe Temple"}
[2026-03-15T16:28:20.686Z] mail_error: {"scope":"resend_verification","email":"lylianmichel@gmail.com","error":"Invalid login: 535-5.7.8 Username and Password not accepted. For more information, go to\n535 5.7.8  https://support.google.com/mail/?p=BadCredentials 5b1f17b1804b1-4854b6756e4sm417543965e9.15 - gsmtp"}
[2026-03-15T16:36:41.289Z] register: {"email":"sqlite.user.1773592601@example.com","nom":"SQLite User"}
[2026-03-15T16:36:41.444Z] login: {"email":"sqlite.user.1773592601@example.com","tokenPreview":"7a9200db"}
[2026-03-15T16:37:02.937Z] register: {"email":"sqlite.verify.1773592622@example.com","nom":"SQLite Verify"}
[2026-03-15T16:37:03.082Z] login: {"email":"sqlite.verify.1773592622@example.com","tokenPreview":"c6e7892c"}
